{"C:\\zarthi-projects\\PetrolBunkManagement\\backend\\services\\inventory-service\\src\\app.ts": {"path":"C:\\zarthi-projects\\PetrolBunkManagement\\backend\\services\\inventory-service\\src\\app.ts","statementMap":{"0":{"start":{"line":5,"column":6},"end":{"line":5,"column":null}},"1":{"start":{"line":7,"column":0},"end":{"line":7,"column":null}},"2":{"start":{"line":8,"column":0},"end":{"line":8,"column":null}},"3":{"start":{"line":9,"column":0},"end":{"line":9,"column":null}},"4":{"start":{"line":13,"column":0},"end":{"line":13,"column":null}},"5":{"start":{"line":15,"column":0},"end":{"line":24,"column":null}},"6":{"start":{"line":16,"column":2},"end":{"line":16,"column":null}},"7":{"start":{"line":17,"column":2},"end":{"line":23,"column":null}}},"fnMap":{"0":{"name":"(anonymous_0)","decl":{"start":{"line":15,"column":4},"end":{"line":15,"column":9}},"loc":{"start":{"line":15,"column":95},"end":{"line":24,"column":1}},"line":15}},"branchMap":{"0":{"loc":{"start":{"line":21,"column":13},"end":{"line":21,"column":null}},"type":"binary-expr","locations":[{"start":{"line":21,"column":13},"end":{"line":21,"column":28}},{"start":{"line":21,"column":28},"end":{"line":21,"column":null}}],"line":21}},"s":{"0":1,"1":1,"2":1,"3":1,"4":1,"5":1,"6":0,"7":0},"f":{"0":0},"b":{"0":[0,0]},"meta":{"lastBranch":1,"lastFunction":1,"lastStatement":8,"seen":{"s:5:6:5:Infinity":0,"s:7:0:7:Infinity":1,"s:8:0:8:Infinity":2,"s:9:0:9:Infinity":3,"s:13:0:13:Infinity":4,"s:15:0:24:Infinity":5,"f:15:4:15:9":0,"s:16:2:16:Infinity":6,"s:17:2:23:Infinity":7,"b:21:13:21:28:21:28:21:Infinity":0}}}
,"C:\\zarthi-projects\\PetrolBunkManagement\\backend\\services\\inventory-service\\src\\config\\db.ts": {"path":"C:\\zarthi-projects\\PetrolBunkManagement\\backend\\services\\inventory-service\\src\\config\\db.ts","statementMap":{"0":{"start":{"line":4,"column":25},"end":{"line":16,"column":null}},"1":{"start":{"line":5,"column":4},"end":{"line":15,"column":null}},"2":{"start":{"line":6,"column":25},"end":{"line":6,"column":null}},"3":{"start":{"line":7,"column":8},"end":{"line":9,"column":null}},"4":{"start":{"line":8,"column":12},"end":{"line":8,"column":null}},"5":{"start":{"line":10,"column":8},"end":{"line":10,"column":null}},"6":{"start":{"line":11,"column":8},"end":{"line":11,"column":null}},"7":{"start":{"line":13,"column":8},"end":{"line":13,"column":null}},"8":{"start":{"line":14,"column":8},"end":{"line":14,"column":null}}},"fnMap":{"0":{"name":"(anonymous_0)","decl":{"start":{"line":4,"column":25},"end":{"line":4,"column":37}},"loc":{"start":{"line":4,"column":37},"end":{"line":16,"column":null}},"line":4}},"branchMap":{"0":{"loc":{"start":{"line":7,"column":8},"end":{"line":9,"column":null}},"type":"if","locations":[{"start":{"line":7,"column":8},"end":{"line":9,"column":null}},{"start":{},"end":{}}],"line":7}},"s":{"0":1,"1":1,"2":1,"3":1,"4":0,"5":1,"6":1,"7":0,"8":0},"f":{"0":1},"b":{"0":[0,1]},"meta":{"lastBranch":1,"lastFunction":1,"lastStatement":9,"seen":{"s:4:25:16:Infinity":0,"f:4:25:4:37":0,"s:5:4:15:Infinity":1,"s:6:25:6:Infinity":2,"b:7:8:9:Infinity:undefined:undefined:undefined:undefined":0,"s:7:8:9:Infinity":3,"s:8:12:8:Infinity":4,"s:10:8:10:Infinity":5,"s:11:8:11:Infinity":6,"s:13:8:13:Infinity":7,"s:14:8:14:Infinity":8}}}
,"C:\\zarthi-projects\\PetrolBunkManagement\\backend\\services\\inventory-service\\src\\modules\\inventory\\application\\inventory.service.ts": {"path":"C:\\zarthi-projects\\PetrolBunkManagement\\backend\\services\\inventory-service\\src\\modules\\inventory\\application\\inventory.service.ts","statementMap":{"0":{"start":{"line":6,"column":16},"end":{"line":6,"column":null}},"1":{"start":{"line":7,"column":16},"end":{"line":7,"column":null}},"2":{"start":{"line":11,"column":8},"end":{"line":11,"column":null}},"3":{"start":{"line":15,"column":25},"end":{"line":15,"column":null}},"4":{"start":{"line":18,"column":28},"end":{"line":18,"column":null}},"5":{"start":{"line":19,"column":8},"end":{"line":25,"column":null}},"6":{"start":{"line":20,"column":12},"end":{"line":24,"column":null}},"7":{"start":{"line":28,"column":26},"end":{"line":28,"column":null}},"8":{"start":{"line":29,"column":8},"end":{"line":38,"column":null}},"9":{"start":{"line":31,"column":28},"end":{"line":31,"column":null}},"10":{"start":{"line":32,"column":12},"end":{"line":32,"column":null}},"11":{"start":{"line":33,"column":12},"end":{"line":37,"column":null}},"12":{"start":{"line":41,"column":8},"end":{"line":41,"column":null}},"13":{"start":{"line":43,"column":8},"end":{"line":47,"column":null}},"14":{"start":{"line":51,"column":28},"end":{"line":51,"column":null}},"15":{"start":{"line":54,"column":25},"end":{"line":54,"column":null}},"16":{"start":{"line":55,"column":26},"end":{"line":55,"column":null}},"17":{"start":{"line":56,"column":8},"end":{"line":60,"column":null}},"18":{"start":{"line":57,"column":12},"end":{"line":57,"column":null}},"19":{"start":{"line":59,"column":12},"end":{"line":59,"column":null}},"20":{"start":{"line":62,"column":8},"end":{"line":65,"column":null}}},"fnMap":{"0":{"name":"(anonymous_0)","decl":{"start":{"line":5,"column":4},"end":{"line":5,"column":null}},"loc":{"start":{"line":8,"column":6},"end":{"line":8,"column":null}},"line":8},"1":{"name":"(anonymous_1)","decl":{"start":{"line":10,"column":4},"end":{"line":10,"column":12}},"loc":{"start":{"line":10,"column":50},"end":{"line":12,"column":null}},"line":10},"2":{"name":"(anonymous_2)","decl":{"start":{"line":14,"column":10},"end":{"line":14,"column":19}},"loc":{"start":{"line":14,"column":123},"end":{"line":48,"column":null}},"line":14},"3":{"name":"(anonymous_3)","decl":{"start":{"line":50,"column":10},"end":{"line":50,"column":23}},"loc":{"start":{"line":50,"column":132},"end":{"line":66,"column":null}},"line":50}},"branchMap":{"0":{"loc":{"start":{"line":19,"column":8},"end":{"line":25,"column":null}},"type":"if","locations":[{"start":{"line":19,"column":8},"end":{"line":25,"column":null}},{"start":{},"end":{}}],"line":19},"1":{"loc":{"start":{"line":29,"column":8},"end":{"line":38,"column":null}},"type":"if","locations":[{"start":{"line":29,"column":8},"end":{"line":38,"column":null}},{"start":{},"end":{}}],"line":29},"2":{"loc":{"start":{"line":56,"column":8},"end":{"line":60,"column":null}},"type":"if","locations":[{"start":{"line":56,"column":8},"end":{"line":60,"column":null}},{"start":{"line":58,"column":15},"end":{"line":60,"column":null}}],"line":56}},"s":{"0":7,"1":7,"2":11,"3":8,"4":8,"5":8,"6":3,"7":5,"8":5,"9":4,"10":4,"11":4,"12":1,"13":1,"14":5,"15":3,"16":3,"17":3,"18":2,"19":1,"20":3},"f":{"0":7,"1":11,"2":8,"3":5},"b":{"0":[3,5],"1":[4,1],"2":[2,1]},"meta":{"lastBranch":3,"lastFunction":4,"lastStatement":21,"seen":{"f:5:4:5:Infinity":0,"s:6:16:6:Infinity":0,"s:7:16:7:Infinity":1,"f:10:4:10:12":1,"s:11:8:11:Infinity":2,"f:14:10:14:19":2,"s:15:25:15:Infinity":3,"s:18:28:18:Infinity":4,"b:19:8:25:Infinity:undefined:undefined:undefined:undefined":0,"s:19:8:25:Infinity":5,"s:20:12:24:Infinity":6,"s:28:26:28:Infinity":7,"b:29:8:38:Infinity:undefined:undefined:undefined:undefined":1,"s:29:8:38:Infinity":8,"s:31:28:31:Infinity":9,"s:32:12:32:Infinity":10,"s:33:12:37:Infinity":11,"s:41:8:41:Infinity":12,"s:43:8:47:Infinity":13,"f:50:10:50:23":3,"s:51:28:51:Infinity":14,"s:54:25:54:Infinity":15,"s:55:26:55:Infinity":16,"b:56:8:60:Infinity:58:15:60:Infinity":2,"s:56:8:60:Infinity":17,"s:57:12:57:Infinity":18,"s:59:12:59:Infinity":19,"s:62:8:65:Infinity":20}}}
,"C:\\zarthi-projects\\PetrolBunkManagement\\backend\\services\\inventory-service\\src\\modules\\inventory\\infrastructure\\cache\\redis-cache.service.ts": {"path":"C:\\zarthi-projects\\PetrolBunkManagement\\backend\\services\\inventory-service\\src\\modules\\inventory\\infrastructure\\cache\\redis-cache.service.ts","statementMap":{"0":{"start":{"line":7,"column":35},"end":{"line":7,"column":null}},"1":{"start":{"line":10,"column":20},"end":{"line":10,"column":null}},"2":{"start":{"line":11,"column":8},"end":{"line":11,"column":null}},"3":{"start":{"line":13,"column":8},"end":{"line":13,"column":null}},"4":{"start":{"line":13,"column":41},"end":{"line":13,"column":81}},"5":{"start":{"line":14,"column":8},"end":{"line":17,"column":null}},"6":{"start":{"line":15,"column":12},"end":{"line":15,"column":null}},"7":{"start":{"line":16,"column":12},"end":{"line":16,"column":null}},"8":{"start":{"line":19,"column":8},"end":{"line":19,"column":null}},"9":{"start":{"line":23,"column":8},"end":{"line":23,"column":null}},"10":{"start":{"line":23,"column":31},"end":{"line":23,"column":null}},"11":{"start":{"line":24,"column":8},"end":{"line":29,"column":null}},"12":{"start":{"line":25,"column":12},"end":{"line":25,"column":null}},"13":{"start":{"line":27,"column":12},"end":{"line":27,"column":null}},"14":{"start":{"line":28,"column":12},"end":{"line":28,"column":null}},"15":{"start":{"line":33,"column":8},"end":{"line":33,"column":null}},"16":{"start":{"line":33,"column":31},"end":{"line":33,"column":null}},"17":{"start":{"line":34,"column":8},"end":{"line":38,"column":null}},"18":{"start":{"line":35,"column":12},"end":{"line":35,"column":null}},"19":{"start":{"line":37,"column":12},"end":{"line":37,"column":null}},"20":{"start":{"line":42,"column":8},"end":{"line":42,"column":null}},"21":{"start":{"line":42,"column":31},"end":{"line":42,"column":null}},"22":{"start":{"line":43,"column":8},"end":{"line":47,"column":null}},"23":{"start":{"line":44,"column":12},"end":{"line":44,"column":null}},"24":{"start":{"line":46,"column":12},"end":{"line":46,"column":null}}},"fnMap":{"0":{"name":"(anonymous_0)","decl":{"start":{"line":9,"column":4},"end":{"line":9,"column":18}},"loc":{"start":{"line":9,"column":18},"end":{"line":20,"column":null}},"line":9},"1":{"name":"(anonymous_1)","decl":{"start":{"line":13,"column":23},"end":{"line":13,"column":33}},"loc":{"start":{"line":13,"column":41},"end":{"line":13,"column":81}},"line":13},"2":{"name":"(anonymous_2)","decl":{"start":{"line":14,"column":23},"end":{"line":14,"column":40}},"loc":{"start":{"line":14,"column":40},"end":{"line":17,"column":9}},"line":14},"3":{"name":"(anonymous_3)","decl":{"start":{"line":22,"column":10},"end":{"line":22,"column":14}},"loc":{"start":{"line":22,"column":51},"end":{"line":30,"column":null}},"line":22},"4":{"name":"(anonymous_4)","decl":{"start":{"line":32,"column":10},"end":{"line":32,"column":14}},"loc":{"start":{"line":32,"column":84},"end":{"line":39,"column":null}},"line":32},"5":{"name":"(anonymous_5)","decl":{"start":{"line":41,"column":10},"end":{"line":41,"column":14}},"loc":{"start":{"line":41,"column":42},"end":{"line":48,"column":null}},"line":41}},"branchMap":{"0":{"loc":{"start":{"line":10,"column":20},"end":{"line":10,"column":null}},"type":"binary-expr","locations":[{"start":{"line":10,"column":20},"end":{"line":10,"column":45}},{"start":{"line":10,"column":45},"end":{"line":10,"column":null}}],"line":10},"1":{"loc":{"start":{"line":23,"column":8},"end":{"line":23,"column":null}},"type":"if","locations":[{"start":{"line":23,"column":8},"end":{"line":23,"column":null}},{"start":{},"end":{}}],"line":23},"2":{"loc":{"start":{"line":32,"column":42},"end":{"line":32,"column":84}},"type":"default-arg","locations":[{"start":{"line":32,"column":63},"end":{"line":32,"column":84}}],"line":32},"3":{"loc":{"start":{"line":33,"column":8},"end":{"line":33,"column":null}},"type":"if","locations":[{"start":{"line":33,"column":8},"end":{"line":33,"column":null}},{"start":{},"end":{}}],"line":33},"4":{"loc":{"start":{"line":42,"column":8},"end":{"line":42,"column":null}},"type":"if","locations":[{"start":{"line":42,"column":8},"end":{"line":42,"column":null}},{"start":{},"end":{}}],"line":42}},"s":{"0":1,"1":1,"2":1,"3":1,"4":0,"5":1,"6":1,"7":1,"8":1,"9":5,"10":0,"11":5,"12":5,"13":0,"14":0,"15":4,"16":0,"17":4,"18":4,"19":0,"20":0,"21":0,"22":0,"23":0,"24":0},"f":{"0":1,"1":0,"2":1,"3":5,"4":4,"5":0},"b":{"0":[1,0],"1":[0,5],"2":[4],"3":[0,4],"4":[0,0]},"meta":{"lastBranch":5,"lastFunction":6,"lastStatement":25,"seen":{"s:7:35:7:Infinity":0,"f:9:4:9:18":0,"s:10:20:10:Infinity":1,"b:10:20:10:45:10:45:10:Infinity":0,"s:11:8:11:Infinity":2,"s:13:8:13:Infinity":3,"f:13:23:13:33":1,"s:13:41:13:81":4,"s:14:8:17:Infinity":5,"f:14:23:14:40":2,"s:15:12:15:Infinity":6,"s:16:12:16:Infinity":7,"s:19:8:19:Infinity":8,"f:22:10:22:14":3,"b:23:8:23:Infinity:undefined:undefined:undefined:undefined":1,"s:23:8:23:Infinity":9,"s:23:31:23:Infinity":10,"s:24:8:29:Infinity":11,"s:25:12:25:Infinity":12,"s:27:12:27:Infinity":13,"s:28:12:28:Infinity":14,"f:32:10:32:14":4,"b:32:63:32:84":2,"b:33:8:33:Infinity:undefined:undefined:undefined:undefined":3,"s:33:8:33:Infinity":15,"s:33:31:33:Infinity":16,"s:34:8:38:Infinity":17,"s:35:12:35:Infinity":18,"s:37:12:37:Infinity":19,"f:41:10:41:14":5,"b:42:8:42:Infinity:undefined:undefined:undefined:undefined":4,"s:42:8:42:Infinity":20,"s:42:31:42:Infinity":21,"s:43:8:47:Infinity":22,"s:44:12:44:Infinity":23,"s:46:12:46:Infinity":24}}}
,"C:\\zarthi-projects\\PetrolBunkManagement\\backend\\services\\inventory-service\\src\\modules\\inventory\\infrastructure\\persistence\\mongoose\\inventory.model.ts": {"path":"C:\\zarthi-projects\\PetrolBunkManagement\\backend\\services\\inventory-service\\src\\modules\\inventory\\infrastructure\\persistence\\mongoose\\inventory.model.ts","statementMap":{"0":{"start":{"line":8,"column":24},"end":{"line":14,"column":null}},"1":{"start":{"line":16,"column":30},"end":{"line":16,"column":null}}},"fnMap":{},"branchMap":{},"s":{"0":1,"1":1},"f":{},"b":{},"meta":{"lastBranch":0,"lastFunction":0,"lastStatement":2,"seen":{"s:8:24:14:Infinity":0,"s:16:30:16:Infinity":1}}}
,"C:\\zarthi-projects\\PetrolBunkManagement\\backend\\services\\inventory-service\\src\\modules\\inventory\\infrastructure\\persistence\\mongoose\\mongoose-inventory.repository.ts": {"path":"C:\\zarthi-projects\\PetrolBunkManagement\\backend\\services\\inventory-service\\src\\modules\\inventory\\infrastructure\\persistence\\mongoose\\mongoose-inventory.repository.ts","statementMap":{"0":{"start":{"line":12,"column":26},"end":{"line":12,"column":null}},"1":{"start":{"line":13,"column":8},"end":{"line":13,"column":null}},"2":{"start":{"line":13,"column":24},"end":{"line":13,"column":null}},"3":{"start":{"line":15,"column":8},"end":{"line":20,"column":null}},"4":{"start":{"line":24,"column":26},"end":{"line":28,"column":null}},"5":{"start":{"line":29,"column":8},"end":{"line":29,"column":null}},"6":{"start":{"line":30,"column":8},"end":{"line":35,"column":null}},"7":{"start":{"line":39,"column":24},"end":{"line":39,"column":null}},"8":{"start":{"line":40,"column":8},"end":{"line":40,"column":null}},"9":{"start":{"line":41,"column":8},"end":{"line":83,"column":null}},"10":{"start":{"line":42,"column":30},"end":{"line":51,"column":null}},"11":{"start":{"line":53,"column":12},"end":{"line":55,"column":null}},"12":{"start":{"line":54,"column":16},"end":{"line":54,"column":null}},"13":{"start":{"line":57,"column":34},"end":{"line":57,"column":null}},"14":{"start":{"line":58,"column":32},"end":{"line":64,"column":null}},"15":{"start":{"line":66,"column":12},"end":{"line":66,"column":null}},"16":{"start":{"line":67,"column":12},"end":{"line":67,"column":null}},"17":{"start":{"line":69,"column":12},"end":{"line":77,"column":null}},"18":{"start":{"line":79,"column":12},"end":{"line":79,"column":null}},"19":{"start":{"line":80,"column":12},"end":{"line":80,"column":null}},"20":{"start":{"line":82,"column":12},"end":{"line":82,"column":null}},"21":{"start":{"line":87,"column":24},"end":{"line":87,"column":null}},"22":{"start":{"line":88,"column":8},"end":{"line":88,"column":null}},"23":{"start":{"line":89,"column":8},"end":{"line":112,"column":null}},"24":{"start":{"line":90,"column":32},"end":{"line":94,"column":null}},"25":{"start":{"line":96,"column":12},"end":{"line":98,"column":null}},"26":{"start":{"line":97,"column":16},"end":{"line":97,"column":null}},"27":{"start":{"line":100,"column":12},"end":{"line":104,"column":null}},"28":{"start":{"line":106,"column":12},"end":{"line":106,"column":null}},"29":{"start":{"line":108,"column":12},"end":{"line":108,"column":null}},"30":{"start":{"line":109,"column":12},"end":{"line":109,"column":null}},"31":{"start":{"line":111,"column":12},"end":{"line":111,"column":null}},"32":{"start":{"line":116,"column":24},"end":{"line":116,"column":null}},"33":{"start":{"line":117,"column":8},"end":{"line":117,"column":null}},"34":{"start":{"line":118,"column":8},"end":{"line":146,"column":null}},"35":{"start":{"line":119,"column":32},"end":{"line":123,"column":null}},"36":{"start":{"line":125,"column":12},"end":{"line":127,"column":null}},"37":{"start":{"line":126,"column":16},"end":{"line":126,"column":null}},"38":{"start":{"line":129,"column":12},"end":{"line":138,"column":null}},"39":{"start":{"line":140,"column":12},"end":{"line":140,"column":null}},"40":{"start":{"line":142,"column":12},"end":{"line":142,"column":null}},"41":{"start":{"line":143,"column":12},"end":{"line":143,"column":null}},"42":{"start":{"line":145,"column":12},"end":{"line":145,"column":null}}},"fnMap":{"0":{"name":"(anonymous_0)","decl":{"start":{"line":11,"column":10},"end":{"line":11,"column":23}},"loc":{"start":{"line":11,"column":68},"end":{"line":21,"column":null}},"line":11},"1":{"name":"(anonymous_1)","decl":{"start":{"line":23,"column":10},"end":{"line":23,"column":30}},"loc":{"start":{"line":23,"column":90},"end":{"line":36,"column":null}},"line":23},"2":{"name":"(anonymous_2)","decl":{"start":{"line":38,"column":10},"end":{"line":38,"column":23}},"loc":{"start":{"line":38,"column":102},"end":{"line":84,"column":null}},"line":38},"3":{"name":"(anonymous_3)","decl":{"start":{"line":86,"column":10},"end":{"line":86,"column":29}},"loc":{"start":{"line":86,"column":67},"end":{"line":113,"column":null}},"line":86},"4":{"name":"(anonymous_4)","decl":{"start":{"line":115,"column":10},"end":{"line":115,"column":28}},"loc":{"start":{"line":115,"column":66},"end":{"line":147,"column":null}},"line":115}},"branchMap":{"0":{"loc":{"start":{"line":13,"column":8},"end":{"line":13,"column":null}},"type":"if","locations":[{"start":{"line":13,"column":8},"end":{"line":13,"column":null}},{"start":{},"end":{}}],"line":13},"1":{"loc":{"start":{"line":53,"column":12},"end":{"line":55,"column":null}},"type":"if","locations":[{"start":{"line":53,"column":12},"end":{"line":55,"column":null}},{"start":{},"end":{}}],"line":53},"2":{"loc":{"start":{"line":96,"column":12},"end":{"line":98,"column":null}},"type":"if","locations":[{"start":{"line":96,"column":12},"end":{"line":98,"column":null}},{"start":{},"end":{}}],"line":96},"3":{"loc":{"start":{"line":125,"column":12},"end":{"line":127,"column":null}},"type":"if","locations":[{"start":{"line":125,"column":12},"end":{"line":127,"column":null}},{"start":{},"end":{}}],"line":125}},"s":{"0":4,"1":4,"2":3,"3":1,"4":3,"5":3,"6":3,"7":2,"8":2,"9":2,"10":2,"11":2,"12":1,"13":1,"14":1,"15":1,"16":1,"17":1,"18":1,"19":1,"20":2,"21":0,"22":0,"23":0,"24":0,"25":0,"26":0,"27":0,"28":0,"29":0,"30":0,"31":0,"32":0,"33":0,"34":0,"35":0,"36":0,"37":0,"38":0,"39":0,"40":0,"41":0,"42":0},"f":{"0":4,"1":3,"2":2,"3":0,"4":0},"b":{"0":[3,1],"1":[1,1],"2":[0,0],"3":[0,0]},"meta":{"lastBranch":4,"lastFunction":5,"lastStatement":43,"seen":{"f:11:10:11:23":0,"s:12:26:12:Infinity":0,"b:13:8:13:Infinity:undefined:undefined:undefined:undefined":0,"s:13:8:13:Infinity":1,"s:13:24:13:Infinity":2,"s:15:8:20:Infinity":3,"f:23:10:23:30":1,"s:24:26:28:Infinity":4,"s:29:8:29:Infinity":5,"s:30:8:35:Infinity":6,"f:38:10:38:23":2,"s:39:24:39:Infinity":7,"s:40:8:40:Infinity":8,"s:41:8:83:Infinity":9,"s:42:30:51:Infinity":10,"b:53:12:55:Infinity:undefined:undefined:undefined:undefined":1,"s:53:12:55:Infinity":11,"s:54:16:54:Infinity":12,"s:57:34:57:Infinity":13,"s:58:32:64:Infinity":14,"s:66:12:66:Infinity":15,"s:67:12:67:Infinity":16,"s:69:12:77:Infinity":17,"s:79:12:79:Infinity":18,"s:80:12:80:Infinity":19,"s:82:12:82:Infinity":20,"f:86:10:86:29":3,"s:87:24:87:Infinity":21,"s:88:8:88:Infinity":22,"s:89:8:112:Infinity":23,"s:90:32:94:Infinity":24,"b:96:12:98:Infinity:undefined:undefined:undefined:undefined":2,"s:96:12:98:Infinity":25,"s:97:16:97:Infinity":26,"s:100:12:104:Infinity":27,"s:106:12:106:Infinity":28,"s:108:12:108:Infinity":29,"s:109:12:109:Infinity":30,"s:111:12:111:Infinity":31,"f:115:10:115:28":4,"s:116:24:116:Infinity":32,"s:117:8:117:Infinity":33,"s:118:8:146:Infinity":34,"s:119:32:123:Infinity":35,"b:125:12:127:Infinity:undefined:undefined:undefined:undefined":3,"s:125:12:127:Infinity":36,"s:126:16:126:Infinity":37,"s:129:12:138:Infinity":38,"s:140:12:140:Infinity":39,"s:142:12:142:Infinity":40,"s:143:12:143:Infinity":41,"s:145:12:145:Infinity":42}}}
,"C:\\zarthi-projects\\PetrolBunkManagement\\backend\\services\\inventory-service\\src\\modules\\inventory\\infrastructure\\persistence\\mongoose\\reservation.model.ts": {"path":"C:\\zarthi-projects\\PetrolBunkManagement\\backend\\services\\inventory-service\\src\\modules\\inventory\\infrastructure\\persistence\\mongoose\\reservation.model.ts","statementMap":{"0":{"start":{"line":10,"column":26},"end":{"line":18,"column":null}},"1":{"start":{"line":20,"column":32},"end":{"line":20,"column":null}}},"fnMap":{},"branchMap":{},"s":{"0":1,"1":1},"f":{},"b":{},"meta":{"lastBranch":0,"lastFunction":0,"lastStatement":2,"seen":{"s:10:26:18:Infinity":0,"s:20:32:20:Infinity":1}}}
,"C:\\zarthi-projects\\PetrolBunkManagement\\backend\\services\\inventory-service\\src\\modules\\inventory\\presentation\\controllers\\inventory.controller.ts": {"path":"C:\\zarthi-projects\\PetrolBunkManagement\\backend\\services\\inventory-service\\src\\modules\\inventory\\presentation\\controllers\\inventory.controller.ts","statementMap":{"0":{"start":{"line":7,"column":15},"end":{"line":33,"column":null}},"1":{"start":{"line":35,"column":19},"end":{"line":70,"column":null}},"2":{"start":{"line":5,"column":24},"end":{"line":5,"column":60}},"3":{"start":{"line":8,"column":8},"end":{"line":32,"column":null}},"4":{"start":{"line":10,"column":30},"end":{"line":10,"column":null}},"5":{"start":{"line":12,"column":12},"end":{"line":20,"column":null}},"6":{"start":{"line":13,"column":16},"end":{"line":19,"column":null}},"7":{"start":{"line":22,"column":30},"end":{"line":22,"column":null}},"8":{"start":{"line":23,"column":12},"end":{"line":23,"column":null}},"9":{"start":{"line":25,"column":12},"end":{"line":31,"column":null}},"10":{"start":{"line":36,"column":8},"end":{"line":69,"column":null}},"11":{"start":{"line":37,"column":56},"end":{"line":37,"column":null}},"12":{"start":{"line":39,"column":12},"end":{"line":47,"column":null}},"13":{"start":{"line":40,"column":16},"end":{"line":46,"column":null}},"14":{"start":{"line":49,"column":27},"end":{"line":49,"column":null}},"15":{"start":{"line":50,"column":12},"end":{"line":50,"column":null}},"16":{"start":{"line":52,"column":12},"end":{"line":60,"column":null}},"17":{"start":{"line":53,"column":16},"end":{"line":59,"column":null}},"18":{"start":{"line":62,"column":12},"end":{"line":68,"column":null}}},"fnMap":{"0":{"name":"(anonymous_0)","decl":{"start":{"line":5,"column":4},"end":{"line":5,"column":16}},"loc":{"start":{"line":5,"column":60},"end":{"line":5,"column":null}},"line":5},"1":{"name":"(anonymous_1)","decl":{"start":{"line":7,"column":15},"end":{"line":7,"column":22}},"loc":{"start":{"line":7,"column":54},"end":{"line":33,"column":null}},"line":7},"2":{"name":"(anonymous_2)","decl":{"start":{"line":35,"column":19},"end":{"line":35,"column":26}},"loc":{"start":{"line":35,"column":58},"end":{"line":70,"column":null}},"line":35}},"branchMap":{"0":{"loc":{"start":{"line":10,"column":30},"end":{"line":10,"column":null}},"type":"binary-expr","locations":[{"start":{"line":10,"column":30},"end":{"line":10,"column":63}},{"start":{"line":10,"column":63},"end":{"line":10,"column":null}}],"line":10},"1":{"loc":{"start":{"line":12,"column":12},"end":{"line":20,"column":null}},"type":"if","locations":[{"start":{"line":12,"column":12},"end":{"line":20,"column":null}},{"start":{},"end":{}}],"line":12},"2":{"loc":{"start":{"line":12,"column":16},"end":{"line":12,"column":64}},"type":"binary-expr","locations":[{"start":{"line":12,"column":16},"end":{"line":12,"column":41}},{"start":{"line":12,"column":41},"end":{"line":12,"column":64}}],"line":12},"3":{"loc":{"start":{"line":39,"column":12},"end":{"line":47,"column":null}},"type":"if","locations":[{"start":{"line":39,"column":12},"end":{"line":47,"column":null}},{"start":{},"end":{}}],"line":39},"4":{"loc":{"start":{"line":39,"column":16},"end":{"line":39,"column":56}},"type":"binary-expr","locations":[{"start":{"line":39,"column":16},"end":{"line":39,"column":29}},{"start":{"line":39,"column":29},"end":{"line":39,"column":42}},{"start":{"line":39,"column":42},"end":{"line":39,"column":56}}],"line":39},"5":{"loc":{"start":{"line":52,"column":12},"end":{"line":60,"column":null}},"type":"if","locations":[{"start":{"line":52,"column":12},"end":{"line":60,"column":null}},{"start":{},"end":{}}],"line":52}},"s":{"0":6,"1":3,"2":1,"3":6,"4":6,"5":6,"6":1,"7":5,"8":5,"9":0,"10":3,"11":3,"12":3,"13":1,"14":2,"15":1,"16":1,"17":1,"18":0},"f":{"0":1,"1":6,"2":3},"b":{"0":[6,0],"1":[1,5],"2":[6,1],"3":[1,2],"4":[3,3,2],"5":[1,0]},"meta":{"lastBranch":6,"lastFunction":3,"lastStatement":19,"seen":{"s:7:15:33:Infinity":0,"s:35:19:70:Infinity":1,"f:5:4:5:16":0,"s:5:24:5:60":2,"f:7:15:7:22":1,"s:8:8:32:Infinity":3,"s:10:30:10:Infinity":4,"b:10:30:10:63:10:63:10:Infinity":0,"b:12:12:20:Infinity:undefined:undefined:undefined:undefined":1,"s:12:12:20:Infinity":5,"b:12:16:12:41:12:41:12:64":2,"s:13:16:19:Infinity":6,"s:22:30:22:Infinity":7,"s:23:12:23:Infinity":8,"s:25:12:31:Infinity":9,"f:35:19:35:26":2,"s:36:8:69:Infinity":10,"s:37:56:37:Infinity":11,"b:39:12:47:Infinity:undefined:undefined:undefined:undefined":3,"s:39:12:47:Infinity":12,"b:39:16:39:29:39:29:39:42:39:42:39:56":4,"s:40:16:46:Infinity":13,"s:49:27:49:Infinity":14,"s:50:12:50:Infinity":15,"b:52:12:60:Infinity:undefined:undefined:undefined:undefined":5,"s:52:12:60:Infinity":16,"s:53:16:59:Infinity":17,"s:62:12:68:Infinity":18}}}
,"C:\\zarthi-projects\\PetrolBunkManagement\\backend\\services\\inventory-service\\src\\modules\\inventory\\presentation\\routes\\inventory.routes.ts": {"path":"C:\\zarthi-projects\\PetrolBunkManagement\\backend\\services\\inventory-service\\src\\modules\\inventory\\presentation\\routes\\inventory.routes.ts","statementMap":{"0":{"start":{"line":7,"column":6},"end":{"line":7,"column":null}},"1":{"start":{"line":10,"column":28},"end":{"line":10,"column":null}},"2":{"start":{"line":11,"column":21},"end":{"line":11,"column":null}},"3":{"start":{"line":12,"column":25},"end":{"line":12,"column":null}},"4":{"start":{"line":13,"column":28},"end":{"line":13,"column":null}},"5":{"start":{"line":15,"column":0},"end":{"line":15,"column":null}},"6":{"start":{"line":16,"column":0},"end":{"line":16,"column":null}}},"fnMap":{},"branchMap":{},"s":{"0":1,"1":1,"2":1,"3":1,"4":1,"5":1,"6":1},"f":{},"b":{},"meta":{"lastBranch":0,"lastFunction":0,"lastStatement":7,"seen":{"s:7:6:7:Infinity":0,"s:10:28:10:Infinity":1,"s:11:21:11:Infinity":2,"s:12:25:12:Infinity":3,"s:13:28:13:Infinity":4,"s:15:0:15:Infinity":5,"s:16:0:16:Infinity":6}}}
}
